<?xml version="1.0" encoding="UTF-8"?>
<!-- Generated by org.testng.reporters.JUnitXMLReporter -->
<testsuite hostname="MS52H3G8WN" ignored="0" name="Smoke Tests" tests="10" failures="1" timestamp="15 Jan 2017 06:06:35 GMT" time="56.739" errors="0">
  <testcase name="navigateFB" time="5.17" classname="Yellow_Project.FacebookTests"/>
  <testcase name="enterEmail" time="0.133" classname="Yellow_Project.FacebookTests"/>
  <testcase name="enterPwd" time="0.051" classname="Yellow_Project.FacebookTests"/>
  <testcase name="login" time="0.033" classname="Yellow_Project.FacebookTests">
    <failure type="org.openqa.selenium.ElementNotVisibleException" message="Element is not currently visible and so may not be interacted with
Command duration or timeout: 18 milliseconds
Build info: version: &amp;apos;unknown&amp;apos;, revision: &amp;apos;1969d75&amp;apos;, time: &amp;apos;2016-10-18 09:43:45 -0700&amp;apos;
System info: host: &amp;apos;MS52H3G8WN&amp;apos;, ip: &amp;apos;192.168.0.18&amp;apos;, os.name: &amp;apos;Mac OS X&amp;apos;, os.arch: &amp;apos;x86_64&amp;apos;, os.version: &amp;apos;10.12.2&amp;apos;, java.version: &amp;apos;1.8.0_111&amp;apos;
Driver info: org.openqa.selenium.firefox.FirefoxDriver
Capabilities [{applicationCacheEnabled=true, rotatable=false, handlesAlerts=true, databaseEnabled=true, version=38.8.0, platform=MAC, nativeEvents=false, acceptSslCerts=true, webStorageEnabled=true, locationContextEnabled=true, browserName=firefox, takesScreenshot=true, javascriptEnabled=true, cssSelectorsEnabled=true}]
Session ID: 65ec9339-3da3-7049-9cd2-94b94e0ca901">
      <![CDATA[org.openqa.selenium.ElementNotVisibleException: Element is not currently visible and so may not be interacted with
Command duration or timeout: 18 milliseconds
Build info: version: 'unknown', revision: '1969d75', time: '2016-10-18 09:43:45 -0700'
System info: host: 'MS52H3G8WN', ip: '192.168.0.18', os.name: 'Mac OS X', os.arch: 'x86_64', os.version: '10.12.2', java.version: '1.8.0_111'
Driver info: org.openqa.selenium.firefox.FirefoxDriver
Capabilities [{applicationCacheEnabled=true, rotatable=false, handlesAlerts=true, databaseEnabled=true, version=38.8.0, platform=MAC, nativeEvents=false, acceptSslCerts=true, webStorageEnabled=true, locationContextEnabled=true, browserName=firefox, takesScreenshot=true, javascriptEnabled=true, cssSelectorsEnabled=true}]
Session ID: 65ec9339-3da3-7049-9cd2-94b94e0ca901
	at org.openqa.selenium.remote.ErrorHandler.createThrowable(ErrorHandler.java:216)
	at org.openqa.selenium.remote.ErrorHandler.throwIfResponseFailed(ErrorHandler.java:168)
	at org.openqa.selenium.remote.RemoteWebDriver.execute(RemoteWebDriver.java:635)
	at org.openqa.selenium.remote.RemoteWebElement.execute(RemoteWebElement.java:274)
	at org.openqa.selenium.remote.RemoteWebElement.click(RemoteWebElement.java:84)
	at Yellow_Project.FacebookTests.login(FacebookTests.java:52)
Caused by: org.openqa.selenium.ElementNotVisibleException: Element is not currently visible and so may not be interacted with
Build info: version: 'unknown', revision: '1969d75', time: '2016-10-18 09:43:45 -0700'
System info: host: 'MS52H3G8WN', ip: '192.168.0.18', os.name: 'Mac OS X', os.arch: 'x86_64', os.version: '10.12.2', java.version: '1.8.0_111'
Driver info: driver.version: unknown
	at <anonymous class>.fxdriver.preconditions.visible(file:///var/folders/yc/qpwph2994jz6112kz6r8dzr5skyvkt/T/anonymous3040183964453275118webdriver-profile/extensions/fxdriver@googlecode.com/components/command-processor.js:10716)
	at <anonymous class>.DelayedCommand.prototype.checkPreconditions_(file:///var/folders/yc/qpwph2994jz6112kz6r8dzr5skyvkt/T/anonymous3040183964453275118webdriver-profile/extensions/fxdriver@googlecode.com/components/command-processor.js:12688)
	at <anonymous class>.DelayedCommand.prototype.executeInternal_/h(file:///var/folders/yc/qpwph2994jz6112kz6r8dzr5skyvkt/T/anonymous3040183964453275118webdriver-profile/extensions/fxdriver@googlecode.com/components/command-processor.js:12705)
	at <anonymous class>.DelayedCommand.prototype.executeInternal_(file:///var/folders/yc/qpwph2994jz6112kz6r8dzr5skyvkt/T/anonymous3040183964453275118webdriver-profile/extensions/fxdriver@googlecode.com/components/command-processor.js:12710)
	at <anonymous class>.DelayedCommand.prototype.execute/<(file:///var/folders/yc/qpwph2994jz6112kz6r8dzr5skyvkt/T/anonymous3040183964453275118webdriver-profile/extensions/fxdriver@googlecode.com/components/command-processor.js:12652)
... Removed 29 stack frames]]>
    </failure>
  </testcase> <!-- login -->
  <testcase name="navigateFB" time="5.335" classname="Yellow_Project.FbDataProvider"/>
  <testcase name="navigateFB" time="8.76" classname="Yellow_Project.FbDataProvider"/>
  <testcase name="navigateFB" time="2.851" classname="Yellow_Project.FbDataProvider"/>
  <testcase name="enterEmail" time="0.11" classname="Yellow_Project.FbDataProvider"/>
  <testcase name="enterPwd" time="0.05" classname="Yellow_Project.FbDataProvider"/>
  <testcase name="login" time="30.427" classname="Yellow_Project.FbDataProvider"/>
</testsuite> <!-- Smoke Tests -->
